Collecting accelerate==1.12.0 (from -r requirements.txt (line 1))
  Downloading accelerate-1.12.0-py3-none-any.whl.metadata (19 kB)
Collecting aiohappyeyeballs==2.6.1 (from -r requirements.txt (line 2))
  Downloading aiohappyeyeballs-2.6.1-py3-none-any.whl.metadata (5.9 kB)
Collecting aiohttp==3.13.2 (from -r requirements.txt (line 3))
  Downloading aiohttp-3.13.2-cp312-cp312-manylinux2014_x86_64.manylinux_2_17_x86_64.manylinux_2_28_x86_64.whl.metadata (8.1 kB)
Collecting aiosignal==1.4.0 (from -r requirements.txt (line 4))
  Downloading aiosignal-1.4.0-py3-none-any.whl.metadata (3.7 kB)
Collecting annotated-types==0.7.0 (from -r requirements.txt (line 5))
  Downloading annotated_types-0.7.0-py3-none-any.whl.metadata (15 kB)
Collecting anyio==4.11.0 (from -r requirements.txt (line 6))
  Downloading anyio-4.11.0-py3-none-any.whl.metadata (4.1 kB)
Collecting asttokens==3.0.1 (from -r requirements.txt (line 7))
  Downloading asttokens-3.0.1-py3-none-any.whl.metadata (4.9 kB)
Collecting attrs==25.4.0 (from -r requirements.txt (line 8))
  Downloading attrs-25.4.0-py3-none-any.whl.metadata (10 kB)
Collecting certifi==2025.11.12 (from -r requirements.txt (line 9))
  Downloading certifi-2025.11.12-py3-none-any.whl.metadata (2.5 kB)
Collecting charset-normalizer==3.4.4 (from -r requirements.txt (line 10))
  Downloading charset_normalizer-3.4.4-cp312-cp312-manylinux2014_x86_64.manylinux_2_17_x86_64.manylinux_2_28_x86_64.whl.metadata (37 kB)
Collecting click==8.3.1 (from -r requirements.txt (line 11))
  Downloading click-8.3.1-py3-none-any.whl.metadata (2.6 kB)
Collecting comm==0.2.3 (from -r requirements.txt (line 12))
  Downloading comm-0.2.3-py3-none-any.whl.metadata (3.7 kB)
Collecting contourpy==1.3.3 (from -r requirements.txt (line 13))
  Downloading contourpy-1.3.3-cp312-cp312-manylinux_2_27_x86_64.manylinux_2_28_x86_64.whl.metadata (5.5 kB)
Collecting cycler==0.12.1 (from -r requirements.txt (line 14))
  Downloading cycler-0.12.1-py3-none-any.whl.metadata (3.8 kB)
Collecting datasets==4.4.1 (from -r requirements.txt (line 15))
  Downloading datasets-4.4.1-py3-none-any.whl.metadata (19 kB)
Collecting debugpy==1.8.17 (from -r requirements.txt (line 16))
  Downloading debugpy-1.8.17-cp312-cp312-manylinux_2_34_x86_64.whl.metadata (1.4 kB)
Collecting decorator==5.2.1 (from -r requirements.txt (line 17))
  Downloading decorator-5.2.1-py3-none-any.whl.metadata (3.9 kB)
Collecting dill==0.4.0 (from -r requirements.txt (line 18))
  Downloading dill-0.4.0-py3-none-any.whl.metadata (10 kB)
Collecting executing==2.2.1 (from -r requirements.txt (line 19))
  Downloading executing-2.2.1-py2.py3-none-any.whl.metadata (8.9 kB)
Collecting filelock==3.20.0 (from -r requirements.txt (line 20))
  Downloading filelock-3.20.0-py3-none-any.whl.metadata (2.1 kB)
Collecting fonttools==4.60.1 (from -r requirements.txt (line 21))
  Downloading fonttools-4.60.1-cp312-cp312-manylinux1_x86_64.manylinux2014_x86_64.manylinux_2_17_x86_64.manylinux_2_5_x86_64.whl.metadata (112 kB)
Collecting frozenlist==1.8.0 (from -r requirements.txt (line 22))
  Downloading frozenlist-1.8.0-cp312-cp312-manylinux1_x86_64.manylinux_2_28_x86_64.manylinux_2_5_x86_64.whl.metadata (20 kB)
Collecting fsspec==2025.10.0 (from -r requirements.txt (line 23))
  Downloading fsspec-2025.10.0-py3-none-any.whl.metadata (10 kB)
Collecting gitdb==4.0.12 (from -r requirements.txt (line 24))
  Downloading gitdb-4.0.12-py3-none-any.whl.metadata (1.2 kB)
Collecting GitPython==3.1.45 (from -r requirements.txt (line 25))
  Downloading gitpython-3.1.45-py3-none-any.whl.metadata (13 kB)
Collecting h11==0.16.0 (from -r requirements.txt (line 26))
  Downloading h11-0.16.0-py3-none-any.whl.metadata (8.3 kB)
Collecting hf-xet==1.2.0 (from -r requirements.txt (line 27))
  Downloading hf_xet-1.2.0-cp37-abi3-manylinux_2_17_x86_64.manylinux2014_x86_64.whl.metadata (4.9 kB)
Collecting httpcore==1.0.9 (from -r requirements.txt (line 28))
  Downloading httpcore-1.0.9-py3-none-any.whl.metadata (21 kB)
Collecting httpx==0.28.1 (from -r requirements.txt (line 29))
  Downloading httpx-0.28.1-py3-none-any.whl.metadata (7.1 kB)
Collecting huggingface-hub==0.36.0 (from -r requirements.txt (line 30))
  Downloading huggingface_hub-0.36.0-py3-none-any.whl.metadata (14 kB)
Collecting idna==3.11 (from -r requirements.txt (line 31))
  Downloading idna-3.11-py3-none-any.whl.metadata (8.4 kB)
Collecting ipykernel==7.1.0 (from -r requirements.txt (line 32))
  Downloading ipykernel-7.1.0-py3-none-any.whl.metadata (4.5 kB)
Collecting ipython==9.7.0 (from -r requirements.txt (line 33))
  Downloading ipython-9.7.0-py3-none-any.whl.metadata (4.5 kB)
Collecting ipython_pygments_lexers==1.1.1 (from -r requirements.txt (line 34))
  Downloading ipython_pygments_lexers-1.1.1-py3-none-any.whl.metadata (1.1 kB)
Collecting jedi==0.19.2 (from -r requirements.txt (line 35))
  Downloading jedi-0.19.2-py2.py3-none-any.whl.metadata (22 kB)
Collecting Jinja2==3.1.6 (from -r requirements.txt (line 36))
  Downloading jinja2-3.1.6-py3-none-any.whl.metadata (2.9 kB)
Collecting joblib==1.5.2 (from -r requirements.txt (line 37))
  Downloading joblib-1.5.2-py3-none-any.whl.metadata (5.6 kB)
Collecting jupyter_client==8.6.3 (from -r requirements.txt (line 38))
  Downloading jupyter_client-8.6.3-py3-none-any.whl.metadata (8.3 kB)
Collecting jupyter_core==5.9.1 (from -r requirements.txt (line 39))
  Downloading jupyter_core-5.9.1-py3-none-any.whl.metadata (1.5 kB)
Collecting kiwisolver==1.4.9 (from -r requirements.txt (line 40))
  Downloading kiwisolver-1.4.9-cp312-cp312-manylinux2014_x86_64.manylinux_2_17_x86_64.whl.metadata (6.3 kB)
Collecting MarkupSafe==3.0.3 (from -r requirements.txt (line 41))
  Downloading markupsafe-3.0.3-cp312-cp312-manylinux2014_x86_64.manylinux_2_17_x86_64.manylinux_2_28_x86_64.whl.metadata (2.7 kB)
Collecting matplotlib==3.10.7 (from -r requirements.txt (line 42))
  Downloading matplotlib-3.10.7-cp312-cp312-manylinux2014_x86_64.manylinux_2_17_x86_64.whl.metadata (11 kB)
Collecting matplotlib-inline==0.2.1 (from -r requirements.txt (line 43))
  Downloading matplotlib_inline-0.2.1-py3-none-any.whl.metadata (2.3 kB)
Collecting mpmath==1.3.0 (from -r requirements.txt (line 44))
  Downloading mpmath-1.3.0-py3-none-any.whl.metadata (8.6 kB)
Collecting multidict==6.7.0 (from -r requirements.txt (line 45))
  Downloading multidict-6.7.0-cp312-cp312-manylinux2014_x86_64.manylinux_2_17_x86_64.manylinux_2_28_x86_64.whl.metadata (5.3 kB)
Collecting multiprocess==0.70.18 (from -r requirements.txt (line 46))
  Downloading multiprocess-0.70.18-py312-none-any.whl.metadata (7.5 kB)
Collecting nest-asyncio==1.6.0 (from -r requirements.txt (line 47))
  Downloading nest_asyncio-1.6.0-py3-none-any.whl.metadata (2.8 kB)
Collecting networkx==3.5 (from -r requirements.txt (line 48))
  Downloading networkx-3.5-py3-none-any.whl.metadata (6.3 kB)
Collecting numpy==2.2.6 (from -r requirements.txt (line 49))
  Downloading numpy-2.2.6-cp312-cp312-manylinux_2_17_x86_64.manylinux2014_x86_64.whl.metadata (62 kB)
Collecting nvidia-cublas-cu12==12.8.4.1 (from -r requirements.txt (line 50))
  Downloading nvidia_cublas_cu12-12.8.4.1-py3-none-manylinux_2_27_x86_64.whl.metadata (1.7 kB)
Collecting nvidia-cuda-cupti-cu12==12.8.90 (from -r requirements.txt (line 51))
  Downloading nvidia_cuda_cupti_cu12-12.8.90-py3-none-manylinux2014_x86_64.manylinux_2_17_x86_64.whl.metadata (1.7 kB)
Collecting nvidia-cuda-nvrtc-cu12==12.8.93 (from -r requirements.txt (line 52))
  Downloading nvidia_cuda_nvrtc_cu12-12.8.93-py3-none-manylinux2010_x86_64.manylinux_2_12_x86_64.whl.metadata (1.7 kB)
Collecting nvidia-cuda-runtime-cu12==12.8.90 (from -r requirements.txt (line 53))
  Downloading nvidia_cuda_runtime_cu12-12.8.90-py3-none-manylinux2014_x86_64.manylinux_2_17_x86_64.whl.metadata (1.7 kB)
Collecting nvidia-cudnn-cu12==9.10.2.21 (from -r requirements.txt (line 54))
  Downloading nvidia_cudnn_cu12-9.10.2.21-py3-none-manylinux_2_27_x86_64.whl.metadata (1.8 kB)
Collecting nvidia-cufft-cu12==11.3.3.83 (from -r requirements.txt (line 55))
  Downloading nvidia_cufft_cu12-11.3.3.83-py3-none-manylinux2014_x86_64.manylinux_2_17_x86_64.whl.metadata (1.7 kB)
Collecting nvidia-cufile-cu12==1.13.1.3 (from -r requirements.txt (line 56))
  Downloading nvidia_cufile_cu12-1.13.1.3-py3-none-manylinux2014_x86_64.manylinux_2_17_x86_64.whl.metadata (1.7 kB)
Collecting nvidia-curand-cu12==10.3.9.90 (from -r requirements.txt (line 57))
  Downloading nvidia_curand_cu12-10.3.9.90-py3-none-manylinux_2_27_x86_64.whl.metadata (1.7 kB)
Collecting nvidia-cusolver-cu12==11.7.3.90 (from -r requirements.txt (line 58))
  Downloading nvidia_cusolver_cu12-11.7.3.90-py3-none-manylinux_2_27_x86_64.whl.metadata (1.8 kB)
Collecting nvidia-cusparse-cu12==12.5.8.93 (from -r requirements.txt (line 59))
  Downloading nvidia_cusparse_cu12-12.5.8.93-py3-none-manylinux2014_x86_64.manylinux_2_17_x86_64.whl.metadata (1.8 kB)
Collecting nvidia-cusparselt-cu12==0.7.1 (from -r requirements.txt (line 60))
  Downloading nvidia_cusparselt_cu12-0.7.1-py3-none-manylinux2014_x86_64.whl.metadata (7.0 kB)
Collecting nvidia-nccl-cu12==2.27.5 (from -r requirements.txt (line 61))
  Downloading nvidia_nccl_cu12-2.27.5-py3-none-manylinux2014_x86_64.manylinux_2_17_x86_64.whl.metadata (2.0 kB)
Collecting nvidia-nvjitlink-cu12==12.8.93 (from -r requirements.txt (line 62))
  Downloading nvidia_nvjitlink_cu12-12.8.93-py3-none-manylinux2010_x86_64.manylinux_2_12_x86_64.whl.metadata (1.7 kB)
Collecting nvidia-nvshmem-cu12==3.3.20 (from -r requirements.txt (line 63))
  Downloading nvidia_nvshmem_cu12-3.3.20-py3-none-manylinux2014_x86_64.manylinux_2_17_x86_64.whl.metadata (2.1 kB)
Collecting nvidia-nvtx-cu12==12.8.90 (from -r requirements.txt (line 64))
  Downloading nvidia_nvtx_cu12-12.8.90-py3-none-manylinux2014_x86_64.manylinux_2_17_x86_64.whl.metadata (1.8 kB)
Collecting opencv-python==4.12.0.88 (from -r requirements.txt (line 65))
  Downloading opencv_python-4.12.0.88-cp37-abi3-manylinux2014_x86_64.manylinux_2_17_x86_64.whl.metadata (19 kB)
Collecting packaging==25.0 (from -r requirements.txt (line 66))
  Downloading packaging-25.0-py3-none-any.whl.metadata (3.3 kB)
Collecting pandas==2.3.3 (from -r requirements.txt (line 67))
  Downloading pandas-2.3.3-cp312-cp312-manylinux_2_24_x86_64.manylinux_2_28_x86_64.whl.metadata (91 kB)
Collecting parso==0.8.5 (from -r requirements.txt (line 68))
  Downloading parso-0.8.5-py2.py3-none-any.whl.metadata (8.3 kB)
Collecting peft==0.18.0 (from -r requirements.txt (line 69))
  Downloading peft-0.18.0-py3-none-any.whl.metadata (14 kB)
Collecting pexpect==4.9.0 (from -r requirements.txt (line 70))
  Downloading pexpect-4.9.0-py2.py3-none-any.whl.metadata (2.5 kB)
Collecting pillow==12.0.0 (from -r requirements.txt (line 71))
  Downloading pillow-12.0.0-cp312-cp312-manylinux_2_27_x86_64.manylinux_2_28_x86_64.whl.metadata (8.8 kB)
Collecting platformdirs==4.5.0 (from -r requirements.txt (line 72))
  Downloading platformdirs-4.5.0-py3-none-any.whl.metadata (12 kB)
Collecting prompt_toolkit==3.0.52 (from -r requirements.txt (line 73))
  Downloading prompt_toolkit-3.0.52-py3-none-any.whl.metadata (6.4 kB)
Collecting propcache==0.4.1 (from -r requirements.txt (line 74))
  Downloading propcache-0.4.1-cp312-cp312-manylinux2014_x86_64.manylinux_2_17_x86_64.manylinux_2_28_x86_64.whl.metadata (13 kB)
Collecting protobuf==6.33.1 (from -r requirements.txt (line 75))
  Downloading protobuf-6.33.1-cp39-abi3-manylinux2014_x86_64.whl.metadata (593 bytes)
Collecting psutil==7.1.3 (from -r requirements.txt (line 76))
  Downloading psutil-7.1.3-cp36-abi3-manylinux2010_x86_64.manylinux_2_12_x86_64.manylinux_2_28_x86_64.whl.metadata (23 kB)
Collecting ptyprocess==0.7.0 (from -r requirements.txt (line 77))
  Downloading ptyprocess-0.7.0-py2.py3-none-any.whl.metadata (1.3 kB)
Collecting pure_eval==0.2.3 (from -r requirements.txt (line 78))
  Downloading pure_eval-0.2.3-py3-none-any.whl.metadata (6.3 kB)
Collecting pyarrow==22.0.0 (from -r requirements.txt (line 79))
  Downloading pyarrow-22.0.0-cp312-cp312-manylinux_2_28_x86_64.whl.metadata (3.2 kB)
Collecting pydantic==2.12.4 (from -r requirements.txt (line 80))
  Downloading pydantic-2.12.4-py3-none-any.whl.metadata (89 kB)
Collecting pydantic_core==2.41.5 (from -r requirements.txt (line 81))
  Downloading pydantic_core-2.41.5-cp312-cp312-manylinux_2_17_x86_64.manylinux2014_x86_64.whl.metadata (7.3 kB)
Collecting Pygments==2.19.2 (from -r requirements.txt (line 82))
  Downloading pygments-2.19.2-py3-none-any.whl.metadata (2.5 kB)
Collecting pyparsing==3.2.5 (from -r requirements.txt (line 83))
  Downloading pyparsing-3.2.5-py3-none-any.whl.metadata (5.0 kB)
Collecting python-dateutil==2.9.0.post0 (from -r requirements.txt (line 84))
  Downloading python_dateutil-2.9.0.post0-py2.py3-none-any.whl.metadata (8.4 kB)
Collecting pytz==2025.2 (from -r requirements.txt (line 85))
  Downloading pytz-2025.2-py2.py3-none-any.whl.metadata (22 kB)
Collecting PyYAML==6.0.3 (from -r requirements.txt (line 86))
  Downloading pyyaml-6.0.3-cp312-cp312-manylinux2014_x86_64.manylinux_2_17_x86_64.manylinux_2_28_x86_64.whl.metadata (2.4 kB)
Collecting pyzmq==27.1.0 (from -r requirements.txt (line 87))
  Downloading pyzmq-27.1.0-cp312-abi3-manylinux_2_26_x86_64.manylinux_2_28_x86_64.whl.metadata (6.0 kB)
Collecting regex==2025.11.3 (from -r requirements.txt (line 88))
  Downloading regex-2025.11.3-cp312-cp312-manylinux2014_x86_64.manylinux_2_17_x86_64.manylinux_2_28_x86_64.whl.metadata (40 kB)
Collecting requests==2.32.5 (from -r requirements.txt (line 89))
  Downloading requests-2.32.5-py3-none-any.whl.metadata (4.9 kB)
Collecting safetensors==0.7.0 (from -r requirements.txt (line 90))
  Downloading safetensors-0.7.0-cp38-abi3-manylinux_2_17_x86_64.manylinux2014_x86_64.whl.metadata (4.1 kB)
Collecting scikit-learn==1.7.2 (from -r requirements.txt (line 91))
  Downloading scikit_learn-1.7.2-cp312-cp312-manylinux2014_x86_64.manylinux_2_17_x86_64.whl.metadata (11 kB)
Collecting scipy==1.16.3 (from -r requirements.txt (line 92))
  Downloading scipy-1.16.3-cp312-cp312-manylinux2014_x86_64.manylinux_2_17_x86_64.whl.metadata (62 kB)
Collecting sentry-sdk==2.45.0 (from -r requirements.txt (line 93))
  Downloading sentry_sdk-2.45.0-py2.py3-none-any.whl.metadata (10 kB)
Collecting six==1.17.0 (from -r requirements.txt (line 94))
  Downloading six-1.17.0-py2.py3-none-any.whl.metadata (1.7 kB)
Collecting smmap==5.0.2 (from -r requirements.txt (line 95))
  Downloading smmap-5.0.2-py3-none-any.whl.metadata (4.3 kB)
Collecting sniffio==1.3.1 (from -r requirements.txt (line 96))
  Downloading sniffio-1.3.1-py3-none-any.whl.metadata (3.9 kB)
Collecting stack-data==0.6.3 (from -r requirements.txt (line 97))
  Downloading stack_data-0.6.3-py3-none-any.whl.metadata (18 kB)
Collecting sympy==1.14.0 (from -r requirements.txt (line 98))
  Downloading sympy-1.14.0-py3-none-any.whl.metadata (12 kB)
Collecting threadpoolctl==3.6.0 (from -r requirements.txt (line 99))
  Downloading threadpoolctl-3.6.0-py3-none-any.whl.metadata (13 kB)
Collecting tokenizers==0.22.1 (from -r requirements.txt (line 100))
  Downloading tokenizers-0.22.1-cp39-abi3-manylinux_2_17_x86_64.manylinux2014_x86_64.whl.metadata (6.8 kB)
Collecting tornado==6.5.2 (from -r requirements.txt (line 103))
  Downloading tornado-6.5.2-cp39-abi3-manylinux_2_5_x86_64.manylinux1_x86_64.manylinux_2_17_x86_64.manylinux2014_x86_64.whl.metadata (2.8 kB)
Collecting tqdm==4.67.1 (from -r requirements.txt (line 104))
  Downloading tqdm-4.67.1-py3-none-any.whl.metadata (57 kB)
Collecting traitlets==5.14.3 (from -r requirements.txt (line 105))
  Downloading traitlets-5.14.3-py3-none-any.whl.metadata (10 kB)
Collecting transformers==4.57.1 (from -r requirements.txt (line 106))
  Downloading transformers-4.57.1-py3-none-any.whl.metadata (43 kB)
Collecting triton==3.5.1 (from -r requirements.txt (line 107))
  Downloading triton-3.5.1-cp312-cp312-manylinux_2_27_x86_64.manylinux_2_28_x86_64.whl.metadata (1.7 kB)
Collecting typing-inspection==0.4.2 (from -r requirements.txt (line 108))
  Downloading typing_inspection-0.4.2-py3-none-any.whl.metadata (2.6 kB)
Collecting typing_extensions==4.15.0 (from -r requirements.txt (line 109))
  Downloading typing_extensions-4.15.0-py3-none-any.whl.metadata (3.3 kB)
Collecting tzdata==2025.2 (from -r requirements.txt (line 110))
  Downloading tzdata-2025.2-py2.py3-none-any.whl.metadata (1.4 kB)
Collecting urllib3==2.5.0 (from -r requirements.txt (line 111))
  Downloading urllib3-2.5.0-py3-none-any.whl.metadata (6.5 kB)
Collecting wandb==0.23.0 (from -r requirements.txt (line 112))
  Downloading wandb-0.23.0-py3-none-manylinux_2_17_x86_64.manylinux2014_x86_64.whl.metadata (12 kB)
Collecting wcwidth==0.2.14 (from -r requirements.txt (line 113))
  Downloading wcwidth-0.2.14-py2.py3-none-any.whl.metadata (15 kB)
Collecting xxhash==3.6.0 (from -r requirements.txt (line 114))
  Downloading xxhash-3.6.0-cp312-cp312-manylinux2014_x86_64.manylinux_2_17_x86_64.manylinux_2_28_x86_64.whl.metadata (13 kB)
Collecting yarl==1.22.0 (from -r requirements.txt (line 115))
  Downloading yarl-1.22.0-cp312-cp312-manylinux2014_x86_64.manylinux_2_17_x86_64.manylinux_2_28_x86_64.whl.metadata (75 kB)
Collecting torch>=2.0.0 (from accelerate==1.12.0->-r requirements.txt (line 1))
  Downloading torch-2.9.1-cp312-cp312-manylinux_2_28_x86_64.whl.metadata (30 kB)
Requirement already satisfied: setuptools in /home/gss/miniconda/envs/ae/lib/python3.12/site-packages (from torch>=2.0.0->accelerate==1.12.0->-r requirements.txt (line 1)) (80.9.0)
Downloading accelerate-1.12.0-py3-none-any.whl (380 kB)
Downloading aiohappyeyeballs-2.6.1-py3-none-any.whl (15 kB)
Downloading aiohttp-3.13.2-cp312-cp312-manylinux2014_x86_64.manylinux_2_17_x86_64.manylinux_2_28_x86_64.whl (1.8 MB)
   ━━━━━━━━━━━━━━━━━━━━━━━━━━━━━━━━━━━━━━━━ 1.8/1.8 MB 10.8 MB/s  0:00:00
Downloading multidict-6.7.0-cp312-cp312-manylinux2014_x86_64.manylinux_2_17_x86_64.manylinux_2_28_x86_64.whl (256 kB)
Downloading yarl-1.22.0-cp312-cp312-manylinux2014_x86_64.manylinux_2_17_x86_64.manylinux_2_28_x86_64.whl (377 kB)
Downloading aiosignal-1.4.0-py3-none-any.whl (7.5 kB)
Downloading annotated_types-0.7.0-py3-none-any.whl (13 kB)
Downloading anyio-4.11.0-py3-none-any.whl (109 kB)
Downloading asttokens-3.0.1-py3-none-any.whl (27 kB)
Downloading attrs-25.4.0-py3-none-any.whl (67 kB)
Downloading certifi-2025.11.12-py3-none-any.whl (159 kB)
Downloading charset_normalizer-3.4.4-cp312-cp312-manylinux2014_x86_64.manylinux_2_17_x86_64.manylinux_2_28_x86_64.whl (153 kB)
Downloading click-8.3.1-py3-none-any.whl (108 kB)
Downloading comm-0.2.3-py3-none-any.whl (7.3 kB)
Downloading contourpy-1.3.3-cp312-cp312-manylinux_2_27_x86_64.manylinux_2_28_x86_64.whl (362 kB)
Downloading cycler-0.12.1-py3-none-any.whl (8.3 kB)
Downloading datasets-4.4.1-py3-none-any.whl (511 kB)
Downloading dill-0.4.0-py3-none-any.whl (119 kB)
Downloading fsspec-2025.10.0-py3-none-any.whl (200 kB)
Downloading httpx-0.28.1-py3-none-any.whl (73 kB)
Downloading httpcore-1.0.9-py3-none-any.whl (78 kB)
Downloading huggingface_hub-0.36.0-py3-none-any.whl (566 kB)
   ━━━━━━━━━━━━━━━━━━━━━━━━━━━━━━━━━━━━━━━━ 566.1/566.1 kB 12.5 MB/s  0:00:00
Downloading hf_xet-1.2.0-cp37-abi3-manylinux_2_17_x86_64.manylinux2014_x86_64.whl (3.3 MB)
   ━━━━━━━━━━━━━━━━━━━━━━━━━━━━━━━━━━━━━━━━ 3.3/3.3 MB 17.2 MB/s  0:00:00
Downloading multiprocess-0.70.18-py312-none-any.whl (150 kB)
Downloading debugpy-1.8.17-cp312-cp312-manylinux_2_34_x86_64.whl (4.3 MB)
   ━━━━━━━━━━━━━━━━━━━━━━━━━━━━━━━━━━━━━━━━ 4.3/4.3 MB 23.3 MB/s  0:00:00
Downloading decorator-5.2.1-py3-none-any.whl (9.2 kB)
Downloading executing-2.2.1-py2.py3-none-any.whl (28 kB)
Downloading filelock-3.20.0-py3-none-any.whl (16 kB)
Downloading fonttools-4.60.1-cp312-cp312-manylinux1_x86_64.manylinux2014_x86_64.manylinux_2_17_x86_64.manylinux_2_5_x86_64.whl (4.9 MB)
   ━━━━━━━━━━━━━━━━━━━━━━━━━━━━━━━━━━━━━━━━ 4.9/4.9 MB 32.0 MB/s  0:00:00
Downloading frozenlist-1.8.0-cp312-cp312-manylinux1_x86_64.manylinux_2_28_x86_64.manylinux_2_5_x86_64.whl (242 kB)
Downloading gitdb-4.0.12-py3-none-any.whl (62 kB)
Downloading smmap-5.0.2-py3-none-any.whl (24 kB)
Downloading gitpython-3.1.45-py3-none-any.whl (208 kB)
Downloading h11-0.16.0-py3-none-any.whl (37 kB)
Downloading idna-3.11-py3-none-any.whl (71 kB)
Downloading ipykernel-7.1.0-py3-none-any.whl (117 kB)
Downloading ipython-9.7.0-py3-none-any.whl (618 kB)
   ━━━━━━━━━━━━━━━━━━━━━━━━━━━━━━━━━━━━━━━━ 618.9/618.9 kB 38.1 MB/s  0:00:00
Downloading prompt_toolkit-3.0.52-py3-none-any.whl (391 kB)
Downloading ipython_pygments_lexers-1.1.1-py3-none-any.whl (8.1 kB)
Downloading jedi-0.19.2-py2.py3-none-any.whl (1.6 MB)
   ━━━━━━━━━━━━━━━━━━━━━━━━━━━━━━━━━━━━━━━━ 1.6/1.6 MB 33.0 MB/s  0:00:00
Downloading parso-0.8.5-py2.py3-none-any.whl (106 kB)
Downloading jinja2-3.1.6-py3-none-any.whl (134 kB)
Downloading joblib-1.5.2-py3-none-any.whl (308 kB)
Downloading jupyter_client-8.6.3-py3-none-any.whl (106 kB)
Downloading jupyter_core-5.9.1-py3-none-any.whl (29 kB)
Downloading kiwisolver-1.4.9-cp312-cp312-manylinux2014_x86_64.manylinux_2_17_x86_64.whl (1.5 MB)
   ━━━━━━━━━━━━━━━━━━━━━━━━━━━━━━━━━━━━━━━━ 1.5/1.5 MB 36.2 MB/s  0:00:00
Downloading markupsafe-3.0.3-cp312-cp312-manylinux2014_x86_64.manylinux_2_17_x86_64.manylinux_2_28_x86_64.whl (22 kB)
Downloading matplotlib-3.10.7-cp312-cp312-manylinux2014_x86_64.manylinux_2_17_x86_64.whl (8.7 MB)
   ━━━━━━━━━━━━━━━━━━━━━━━━━━━━━━━━━━━━━━━━ 8.7/8.7 MB 45.9 MB/s  0:00:00
Downloading matplotlib_inline-0.2.1-py3-none-any.whl (9.5 kB)
Downloading mpmath-1.3.0-py3-none-any.whl (536 kB)
   ━━━━━━━━━━━━━━━━━━━━━━━━━━━━━━━━━━━━━━━━ 536.2/536.2 kB 69.1 MB/s  0:00:00
Downloading nest_asyncio-1.6.0-py3-none-any.whl (5.2 kB)
Downloading networkx-3.5-py3-none-any.whl (2.0 MB)
   ━━━━━━━━━━━━━━━━━━━━━━━━━━━━━━━━━━━━━━━━ 2.0/2.0 MB 54.4 MB/s  0:00:00
Downloading numpy-2.2.6-cp312-cp312-manylinux_2_17_x86_64.manylinux2014_x86_64.whl (16.5 MB)
   ━━━━━━━━━━━━━━━━━━━━━━━━━━━━━━━━━━━━━━━━ 16.5/16.5 MB 65.5 MB/s  0:00:00
Downloading nvidia_cublas_cu12-12.8.4.1-py3-none-manylinux_2_27_x86_64.whl (594.3 MB)
   ━━━━━━━━━━━━━━━━━━━━━━━━━━━━━━━━━━━━━━━━ 594.3/594.3 MB 70.2 MB/s  0:00:08
Downloading nvidia_cuda_cupti_cu12-12.8.90-py3-none-manylinux2014_x86_64.manylinux_2_17_x86_64.whl (10.2 MB)
   ━━━━━━━━━━━━━━━━━━━━━━━━━━━━━━━━━━━━━━━━ 10.2/10.2 MB 74.2 MB/s  0:00:00
Downloading nvidia_cuda_nvrtc_cu12-12.8.93-py3-none-manylinux2010_x86_64.manylinux_2_12_x86_64.whl (88.0 MB)
   ━━━━━━━━━━━━━━━━━━━━━━━━━━━━━━━━━━━━━━━━ 88.0/88.0 MB 73.3 MB/s  0:00:01
Downloading nvidia_cuda_runtime_cu12-12.8.90-py3-none-manylinux2014_x86_64.manylinux_2_17_x86_64.whl (954 kB)
   ━━━━━━━━━━━━━━━━━━━━━━━━━━━━━━━━━━━━━━━━ 954.8/954.8 kB 89.5 MB/s  0:00:00
Downloading nvidia_cudnn_cu12-9.10.2.21-py3-none-manylinux_2_27_x86_64.whl (706.8 MB)
   ━━━━━━━━━━━━━━━━━━━━━━━━━━━━━━━━━━━━━━━━ 706.8/706.8 MB 80.8 MB/s  0:00:08
Downloading nvidia_cufft_cu12-11.3.3.83-py3-none-manylinux2014_x86_64.manylinux_2_17_x86_64.whl (193.1 MB)
   ━━━━━━━━━━━━━━━━━━━━━━━━━━━━━━━━━━━━━━━━ 193.1/193.1 MB 93.7 MB/s  0:00:02
Downloading nvidia_cufile_cu12-1.13.1.3-py3-none-manylinux2014_x86_64.manylinux_2_17_x86_64.whl (1.2 MB)
   ━━━━━━━━━━━━━━━━━━━━━━━━━━━━━━━━━━━━━━━━ 1.2/1.2 MB 50.9 MB/s  0:00:00
Downloading nvidia_curand_cu12-10.3.9.90-py3-none-manylinux_2_27_x86_64.whl (63.6 MB)
   ━━━━━━━━━━━━━━━━━━━━━━━━━━━━━━━━━━━━━━━━ 63.6/63.6 MB 90.9 MB/s  0:00:00
Downloading nvidia_cusolver_cu12-11.7.3.90-py3-none-manylinux_2_27_x86_64.whl (267.5 MB)
   ━━━━━━━━━━━━━━━━━━━━━━━━━━━━━━━━━━━━━━━━ 267.5/267.5 MB 97.7 MB/s  0:00:02
Downloading nvidia_cusparse_cu12-12.5.8.93-py3-none-manylinux2014_x86_64.manylinux_2_17_x86_64.whl (288.2 MB)
   ━━━━━━━━━━━━━━━━━━━━━━━━━━━━━━━━━━━━━━━━ 288.2/288.2 MB 94.6 MB/s  0:00:03
Downloading nvidia_cusparselt_cu12-0.7.1-py3-none-manylinux2014_x86_64.whl (287.2 MB)
   ━━━━━━━━━━━━━━━━━━━━━━━━━━━━━━━━━━━━━━━━ 287.2/287.2 MB 99.2 MB/s  0:00:02
Downloading nvidia_nccl_cu12-2.27.5-py3-none-manylinux2014_x86_64.manylinux_2_17_x86_64.whl (322.3 MB)
   ━━━━━━━━━━━━━━━━━━━━━━━━━━━━━━━━━━━━━━━━ 322.3/322.3 MB 97.4 MB/s  0:00:03
Downloading nvidia_nvjitlink_cu12-12.8.93-py3-none-manylinux2010_x86_64.manylinux_2_12_x86_64.whl (39.3 MB)
   ━━━━━━━━━━━━━━━━━━━━━━━━━━━━━━━━━━━━━━━━ 39.3/39.3 MB 112.6 MB/s  0:00:00
Downloading nvidia_nvshmem_cu12-3.3.20-py3-none-manylinux2014_x86_64.manylinux_2_17_x86_64.whl (124.7 MB)
   ━━━━━━━━━━━━━━━━━━━━━━━━━━━━━━━━━━━━━━━━ 124.7/124.7 MB 93.3 MB/s  0:00:01
Downloading nvidia_nvtx_cu12-12.8.90-py3-none-manylinux2014_x86_64.manylinux_2_17_x86_64.whl (89 kB)
Downloading opencv_python-4.12.0.88-cp37-abi3-manylinux2014_x86_64.manylinux_2_17_x86_64.whl (67.0 MB)
   ━━━━━━━━━━━━━━━━━━━━━━━━━━━━━━━━━━━━━━━━ 67.0/67.0 MB 97.4 MB/s  0:00:00
Downloading packaging-25.0-py3-none-any.whl (66 kB)
Downloading pandas-2.3.3-cp312-cp312-manylinux_2_24_x86_64.manylinux_2_28_x86_64.whl (12.4 MB)
   ━━━━━━━━━━━━━━━━━━━━━━━━━━━━━━━━━━━━━━━━ 12.4/12.4 MB 107.2 MB/s  0:00:00
Downloading peft-0.18.0-py3-none-any.whl (556 kB)
   ━━━━━━━━━━━━━━━━━━━━━━━━━━━━━━━━━━━━━━━━ 556.4/556.4 kB 106.1 MB/s  0:00:00
Downloading pexpect-4.9.0-py2.py3-none-any.whl (63 kB)
Downloading pillow-12.0.0-cp312-cp312-manylinux_2_27_x86_64.manylinux_2_28_x86_64.whl (7.0 MB)
   ━━━━━━━━━━━━━━━━━━━━━━━━━━━━━━━━━━━━━━━━ 7.0/7.0 MB 103.9 MB/s  0:00:00
Downloading platformdirs-4.5.0-py3-none-any.whl (18 kB)
Downloading propcache-0.4.1-cp312-cp312-manylinux2014_x86_64.manylinux_2_17_x86_64.manylinux_2_28_x86_64.whl (221 kB)
Downloading protobuf-6.33.1-cp39-abi3-manylinux2014_x86_64.whl (323 kB)
Downloading psutil-7.1.3-cp36-abi3-manylinux2010_x86_64.manylinux_2_12_x86_64.manylinux_2_28_x86_64.whl (263 kB)
Downloading ptyprocess-0.7.0-py2.py3-none-any.whl (13 kB)
Downloading pure_eval-0.2.3-py3-none-any.whl (11 kB)
Downloading pyarrow-22.0.0-cp312-cp312-manylinux_2_28_x86_64.whl (47.7 MB)
   ━━━━━━━━━━━━━━━━━━━━━━━━━━━━━━━━━━━━━━━━ 47.7/47.7 MB 104.5 MB/s  0:00:00
Downloading pydantic-2.12.4-py3-none-any.whl (463 kB)
Downloading pydantic_core-2.41.5-cp312-cp312-manylinux_2_17_x86_64.manylinux2014_x86_64.whl (2.1 MB)
   ━━━━━━━━━━━━━━━━━━━━━━━━━━━━━━━━━━━━━━━━ 2.1/2.1 MB 87.7 MB/s  0:00:00
Downloading pygments-2.19.2-py3-none-any.whl (1.2 MB)
   ━━━━━━━━━━━━━━━━━━━━━━━━━━━━━━━━━━━━━━━━ 1.2/1.2 MB 101.5 MB/s  0:00:00
Downloading pyparsing-3.2.5-py3-none-any.whl (113 kB)
Downloading python_dateutil-2.9.0.post0-py2.py3-none-any.whl (229 kB)
Downloading pytz-2025.2-py2.py3-none-any.whl (509 kB)
Downloading pyyaml-6.0.3-cp312-cp312-manylinux2014_x86_64.manylinux_2_17_x86_64.manylinux_2_28_x86_64.whl (807 kB)
   ━━━━━━━━━━━━━━━━━━━━━━━━━━━━━━━━━━━━━━━━ 807.9/807.9 kB 65.5 MB/s  0:00:00
Downloading pyzmq-27.1.0-cp312-abi3-manylinux_2_26_x86_64.manylinux_2_28_x86_64.whl (840 kB)
   ━━━━━━━━━━━━━━━━━━━━━━━━━━━━━━━━━━━━━━━━ 841.0/841.0 kB 75.1 MB/s  0:00:00
Downloading regex-2025.11.3-cp312-cp312-manylinux2014_x86_64.manylinux_2_17_x86_64.manylinux_2_28_x86_64.whl (803 kB)
   ━━━━━━━━━━━━━━━━━━━━━━━━━━━━━━━━━━━━━━━━ 803.5/803.5 kB 85.4 MB/s  0:00:00
Downloading requests-2.32.5-py3-none-any.whl (64 kB)
Downloading urllib3-2.5.0-py3-none-any.whl (129 kB)
Downloading safetensors-0.7.0-cp38-abi3-manylinux_2_17_x86_64.manylinux2014_x86_64.whl (507 kB)
Downloading scikit_learn-1.7.2-cp312-cp312-manylinux2014_x86_64.manylinux_2_17_x86_64.whl (9.5 MB)
   ━━━━━━━━━━━━━━━━━━━━━━━━━━━━━━━━━━━━━━━━ 9.5/9.5 MB 86.4 MB/s  0:00:00
Downloading scipy-1.16.3-cp312-cp312-manylinux2014_x86_64.manylinux_2_17_x86_64.whl (35.7 MB)
   ━━━━━━━━━━━━━━━━━━━━━━━━━━━━━━━━━━━━━━━━ 35.7/35.7 MB 104.6 MB/s  0:00:00
Downloading sentry_sdk-2.45.0-py2.py3-none-any.whl (404 kB)
Downloading six-1.17.0-py2.py3-none-any.whl (11 kB)
Downloading sniffio-1.3.1-py3-none-any.whl (10 kB)
Downloading stack_data-0.6.3-py3-none-any.whl (24 kB)
Downloading sympy-1.14.0-py3-none-any.whl (6.3 MB)
   ━━━━━━━━━━━━━━━━━━━━━━━━━━━━━━━━━━━━━━━━ 6.3/6.3 MB 95.5 MB/s  0:00:00
Downloading threadpoolctl-3.6.0-py3-none-any.whl (18 kB)
Downloading tokenizers-0.22.1-cp39-abi3-manylinux_2_17_x86_64.manylinux2014_x86_64.whl (3.3 MB)
   ━━━━━━━━━━━━━━━━━━━━━━━━━━━━━━━━━━━━━━━━ 3.3/3.3 MB 72.4 MB/s  0:00:00
Downloading tornado-6.5.2-cp39-abi3-manylinux_2_5_x86_64.manylinux1_x86_64.manylinux_2_17_x86_64.manylinux2014_x86_64.whl (443 kB)
Downloading tqdm-4.67.1-py3-none-any.whl (78 kB)
Downloading traitlets-5.14.3-py3-none-any.whl (85 kB)
Downloading transformers-4.57.1-py3-none-any.whl (12.0 MB)
   ━━━━━━━━━━━━━━━━━━━━━━━━━━━━━━━━━━━━━━━━ 12.0/12.0 MB 97.0 MB/s  0:00:00
Downloading triton-3.5.1-cp312-cp312-manylinux_2_27_x86_64.manylinux_2_28_x86_64.whl (170.5 MB)
   ━━━━━━━━━━━━━━━━━━━━━━━━━━━━━━━━━━━━━━━━ 170.5/170.5 MB 92.4 MB/s  0:00:01
Downloading typing_inspection-0.4.2-py3-none-any.whl (14 kB)
Downloading typing_extensions-4.15.0-py3-none-any.whl (44 kB)
Downloading tzdata-2025.2-py2.py3-none-any.whl (347 kB)
Downloading wandb-0.23.0-py3-none-manylinux_2_17_x86_64.manylinux2014_x86_64.whl (20.2 MB)
   ━━━━━━━━━━━━━━━━━━━━━━━━━━━━━━━━━━━━━━━━ 20.2/20.2 MB 103.2 MB/s  0:00:00
Downloading wcwidth-0.2.14-py2.py3-none-any.whl (37 kB)
Downloading xxhash-3.6.0-cp312-cp312-manylinux2014_x86_64.manylinux_2_17_x86_64.manylinux_2_28_x86_64.whl (193 kB)
Downloading torch-2.9.1-cp312-cp312-manylinux_2_28_x86_64.whl (899.7 MB)
   ━━━━━━━━━━━━━━━━━━━━━━━━━━━━━━━━━━━━━━━━ 899.7/899.7 MB 89.4 MB/s  0:00:09
Installing collected packages: pytz, pure_eval, ptyprocess, nvidia-cusparselt-cu12, mpmath, xxhash, wcwidth, urllib3, tzdata, typing_extensions, triton, traitlets, tqdm, tornado, threadpoolctl, sympy, sniffio, smmap, six, safetensors, regex, pyzmq, PyYAML, pyparsing, Pygments, pyarrow, psutil, protobuf, propcache, platformdirs, pillow, pexpect, parso, packaging, nvidia-nvtx-cu12, nvidia-nvshmem-cu12, nvidia-nvjitlink-cu12, nvidia-nccl-cu12, nvidia-curand-cu12, nvidia-cufile-cu12, nvidia-cuda-runtime-cu12, nvidia-cuda-nvrtc-cu12, nvidia-cuda-cupti-cu12, nvidia-cublas-cu12, numpy, networkx, nest-asyncio, multidict, MarkupSafe, kiwisolver, joblib, idna, hf-xet, h11, fsspec, frozenlist, fonttools, filelock, executing, dill, decorator, debugpy, cycler, comm, click, charset-normalizer, certifi, attrs, asttokens, annotated-types, aiohappyeyeballs, yarl, typing-inspection, stack-data, sentry-sdk, scipy, requests, python-dateutil, pydantic_core, prompt_toolkit, opencv-python, nvidia-cusparse-cu12, nvidia-cufft-cu12, nvidia-cudnn-cu12, multiprocess, matplotlib-inline, jupyter_core, Jinja2, jedi, ipython_pygments_lexers, httpcore, gitdb, contourpy, anyio, aiosignal, scikit-learn, pydantic, pandas, nvidia-cusolver-cu12, matplotlib, jupyter_client, ipython, huggingface-hub, httpx, GitPython, aiohttp, wandb, torch, tokenizers, ipykernel, transformers, datasets, accelerate, peft

Successfully installed GitPython-3.1.45 Jinja2-3.1.6 MarkupSafe-3.0.3 PyYAML-6.0.3 Pygments-2.19.2 accelerate-1.12.0 aiohappyeyeballs-2.6.1 aiohttp-3.13.2 aiosignal-1.4.0 annotated-types-0.7.0 anyio-4.11.0 asttokens-3.0.1 attrs-25.4.0 certifi-2025.11.12 charset-normalizer-3.4.4 click-8.3.1 comm-0.2.3 contourpy-1.3.3 cycler-0.12.1 datasets-4.4.1 debugpy-1.8.17 decorator-5.2.1 dill-0.4.0 executing-2.2.1 filelock-3.20.0 fonttools-4.60.1 frozenlist-1.8.0 fsspec-2025.10.0 gitdb-4.0.12 h11-0.16.0 hf-xet-1.2.0 httpcore-1.0.9 httpx-0.28.1 huggingface-hub-0.36.0 idna-3.11 ipykernel-7.1.0 ipython-9.7.0 ipython_pygments_lexers-1.1.1 jedi-0.19.2 joblib-1.5.2 jupyter_client-8.6.3 jupyter_core-5.9.1 kiwisolver-1.4.9 matplotlib-3.10.7 matplotlib-inline-0.2.1 mpmath-1.3.0 multidict-6.7.0 multiprocess-0.70.18 nest-asyncio-1.6.0 networkx-3.5 numpy-2.2.6 nvidia-cublas-cu12-12.8.4.1 nvidia-cuda-cupti-cu12-12.8.90 nvidia-cuda-nvrtc-cu12-12.8.93 nvidia-cuda-runtime-cu12-12.8.90 nvidia-cudnn-cu12-9.10.2.21 nvidia-cufft-cu12-11.3.3.83 nvidia-cufile-cu12-1.13.1.3 nvidia-curand-cu12-10.3.9.90 nvidia-cusolver-cu12-11.7.3.90 nvidia-cusparse-cu12-12.5.8.93 nvidia-cusparselt-cu12-0.7.1 nvidia-nccl-cu12-2.27.5 nvidia-nvjitlink-cu12-12.8.93 nvidia-nvshmem-cu12-3.3.20 nvidia-nvtx-cu12-12.8.90 opencv-python-4.12.0.88 packaging-25.0 pandas-2.3.3 parso-0.8.5 peft-0.18.0 pexpect-4.9.0 pillow-12.0.0 platformdirs-4.5.0 prompt_toolkit-3.0.52 propcache-0.4.1 protobuf-6.33.1 psutil-7.1.3 ptyprocess-0.7.0 pure_eval-0.2.3 pyarrow-22.0.0 pydantic-2.12.4 pydantic_core-2.41.5 pyparsing-3.2.5 python-dateutil-2.9.0.post0 pytz-2025.2 pyzmq-27.1.0 regex-2025.11.3 requests-2.32.5 safetensors-0.7.0 scikit-learn-1.7.2 scipy-1.16.3 sentry-sdk-2.45.0 six-1.17.0 smmap-5.0.2 sniffio-1.3.1 stack-data-0.6.3 sympy-1.14.0 threadpoolctl-3.6.0 tokenizers-0.22.1 torch-2.9.1 tornado-6.5.2 tqdm-4.67.1 traitlets-5.14.3 transformers-4.57.1 triton-3.5.1 typing-inspection-0.4.2 typing_extensions-4.15.0 tzdata-2025.2 urllib3-2.5.0 wandb-0.23.0 wcwidth-0.2.14 xxhash-3.6.0 yarl-1.22.0
